[10/Dec/2020 22:53:29 Europe/Stockholm] [Info] ############################################################
[10/Dec/2020 22:53:29 Europe/Stockholm] [Info] # Output Factory initiated (html5)
[10/Dec/2020 22:53:29 Europe/Stockholm] [Info] # Building output for: Getting Started with Paligo
[10/Dec/2020 22:53:29 Europe/Stockholm] [Info] # URL /document/edit/9
[10/Dec/2020 22:53:29 Europe/Stockholm] [Info] # User: Alexander Zhukov
[10/Dec/2020 22:53:29 Europe/Stockholm] [Info] # Time: Thu, 10 Dec 2020 22:53:29 +0100
[10/Dec/2020 22:53:29 Europe/Stockholm] [Info] # Server: anderlecht
[10/Dec/2020 22:53:29 Europe/Stockholm] [Info] ############################################################
[10/Dec/2020 22:53:29 Europe/Stockholm] [Info] Group: system
[10/Dec/2020 22:53:29 Europe/Stockholm] [Info] Type: html5
[10/Dec/2020 22:53:29 Europe/Stockholm] [Info] Transformation: /var/www/ccms/application/lib/docbook/xsl/html5/html5-2.xsl
[10/Dec/2020 22:53:29 Europe/Stockholm] [Info] File found: /var/www/ccms/application/lib/docbook/xsl/html5/html5-2.xsl
[10/Dec/2020 22:53:29 Europe/Stockholm] [Info] ############################################################
[10/Dec/2020 22:53:29 Europe/Stockholm] [Info] Building output for: html5
[10/Dec/2020 22:53:29 Europe/Stockholm] [Info] Using stylesheet: /var/www/ccms/application/lib/docbook/xsl/html5/html5-2.xsl
[10/Dec/2020 22:53:29 Europe/Stockholm] [Info] Parameters for this build: (array) []
[10/Dec/2020 22:53:29 Europe/Stockholm] [Info] Environment variables for this build: (array) []
[10/Dec/2020 22:53:29 Europe/Stockholm] [Info] Building output for languages: (array) ["en"]
[10/Dec/2020 22:53:29 Europe/Stockholm] [Info] Building multilang: no
[10/Dec/2020 22:53:29 Europe/Stockholm] [Info] Building preview: no
[10/Dec/2020 22:53:29 Europe/Stockholm] [Info] ############################################################
[10/Dec/2020 22:53:30 Europe/Stockholm] [Info] Using build directory: /paligo/tmp/native-instrumen/production-5fd298d8c5a4b6.38746764/9-Getting_Started_with_Paligo-html5
[10/Dec/2020 22:53:30 Europe/Stockholm] [Info] -- Generating source files
[10/Dec/2020 22:53:30 Europe/Stockholm] [Info] -- Propagating taxonomies: false
[10/Dec/2020 22:53:31 Europe/Stockholm] [Info] -- Source files have been generated
[10/Dec/2020 22:53:31 Europe/Stockholm] [Info] -- Publication has no unresolved dependencies.
[10/Dec/2020 22:53:31 Europe/Stockholm] [Info] -- Generating source files complete.
[10/Dec/2020 22:53:32 Europe/Stockholm] [Info] Localizing: publication-9.xml
[10/Dec/2020 22:53:32 Europe/Stockholm] [Info] Language: en
[10/Dec/2020 22:53:32 Europe/Stockholm] [Info] Variable sets found: 0
[10/Dec/2020 22:53:33 Europe/Stockholm] [Info] Inserting image links.
[10/Dec/2020 22:53:33 Europe/Stockholm] [Info] Found 28 image(s).
[10/Dec/2020 22:53:33 Europe/Stockholm] [Info] Found image 'CreateContent.png'
[10/Dec/2020 22:53:33 Europe/Stockholm] [Info] Found image 'CreateContent2.png'
[10/Dec/2020 22:53:33 Europe/Stockholm] [Info] Found image 'OpenStructure.png'
[10/Dec/2020 22:53:33 Europe/Stockholm] [Info] Found image 'gettingstartedpublication.png'
[10/Dec/2020 22:53:33 Europe/Stockholm] [Info] Found image 'topicsfolder.png'
[10/Dec/2020 22:53:33 Europe/Stockholm] [Info] Found image 'publish.png'
[10/Dec/2020 22:53:33 Europe/Stockholm] [Info] Found image 'selectformat.png'
[10/Dec/2020 22:53:33 Europe/Stockholm] [Info] Found image 'indent.png'
[10/Dec/2020 22:53:33 Europe/Stockholm] [Info] Found image 'listitemstructuremenu.png'
[10/Dec/2020 22:53:33 Europe/Stockholm] [Info] Found image 'uploadimages.png'
[10/Dec/2020 22:53:33 Europe/Stockholm] [Info] Found image 'mars.jpg'
[10/Dec/2020 22:53:33 Europe/Stockholm] [Info] Found image 'spacex.jpg'
[10/Dec/2020 22:53:33 Europe/Stockholm] [Info] Found image 'marsrover_callouts.png'
[10/Dec/2020 22:53:33 Europe/Stockholm] [Info] Found image 'inlineimage.png'
[10/Dec/2020 22:53:33 Europe/Stockholm] [Info] Found image 'admonitions.png'
[10/Dec/2020 22:53:33 Europe/Stockholm] [Info] Found image 'Cross-reference2.png'
[10/Dec/2020 22:53:33 Europe/Stockholm] [Info] Found image 'cross-reference-dialog.png'
[10/Dec/2020 22:53:33 Europe/Stockholm] [Info] Found image 'internal-cross-reference.png'
[10/Dec/2020 22:53:33 Europe/Stockholm] [Info] Found image 'tableborders.png'
[10/Dec/2020 22:53:33 Europe/Stockholm] [Info] Found image 'paligoquickguide2.png'
[10/Dec/2020 22:53:33 Europe/Stockholm] [Info] Found image 'editreusedfragment2.png'
[10/Dec/2020 22:53:33 Europe/Stockholm] [Info] Found image 'UsageInformation2.png'
[10/Dec/2020 22:53:33 Europe/Stockholm] [Info] Found image 'ReuseComponent.png'
[10/Dec/2020 22:53:33 Europe/Stockholm] [Info] Found image 'filtericon.png'
[10/Dec/2020 22:53:33 Europe/Stockholm] [Info] Found image 'toolbarnew.png'
[10/Dec/2020 22:53:33 Europe/Stockholm] [Info] Found image 'elementcontextmenutype.png'
[10/Dec/2020 22:53:33 Europe/Stockholm] [Info] Found image 'keyboardshortcut.png'
[10/Dec/2020 22:53:33 Europe/Stockholm] [Info] Found image 'StructureMenuInline.png'
[10/Dec/2020 22:53:34 Europe/Stockholm] [Info] Profiling parameters: (array) []
[10/Dec/2020 22:53:34 Europe/Stockholm] [Info] Profiling customisation: /var/www/ccms/usr/native-instrumen/xsl/profile.xsl (not found)
[10/Dec/2020 22:53:35 Europe/Stockholm] [Info] Transformation: publication-9--en.org.xml -> publication-9--en.xml [profile.xsl]
[10/Dec/2020 22:53:35 Europe/Stockholm] [Info] Transformation: publication-9--en.xml -> publication-9--en.xml [internal-xref.xsl]
[10/Dec/2020 22:53:35 Europe/Stockholm] [Info] Transformation: A-filelist.xml -> B-sorted.xml [IO.document.sortlang.xsl]
[10/Dec/2020 22:53:35 Europe/Stockholm] [Info] Transformation: B-sorted.xml -> C-concatenated.xml [IO.document.concat.xsl]
[10/Dec/2020 22:53:35 Europe/Stockholm] [Info] Transformation: B-sorted.xml -> index-en.xml [IO.document.head.xsl]
[10-Dec-2020 22:53:36 Europe/Stockholm] Parsing manifest file: css/*, css/image/*, css/image/callouts/*, js/*, js/jquery-3/*, fonts/*
[10-Dec-2020 22:53:36 Europe/Stockholm] Filename: css/*
[10-Dec-2020 22:53:36 Europe/Stockholm] Source directory: /var/www/ccms/application/lib/docbook/xsl/html5
[10-Dec-2020 22:53:36 Europe/Stockholm] Target directory: /paligo/tmp/native-instrumen/production-5fd298d8c5a4b6.38746764/9-Getting_Started_with_Paligo-html5/out
[10-Dec-2020 22:53:36 Europe/Stockholm] Copy file 'bootstrap-3.0.2.min.css'
[10-Dec-2020 22:53:36 Europe/Stockholm] Copy file 'bootstrap-theme-3.0.2.min.css'
[10-Dec-2020 22:53:36 Europe/Stockholm] Copy file 'bootstrap-theme.min.css'
[10-Dec-2020 22:53:36 Europe/Stockholm] Copy file 'bootstrap-theme.min.css.map'
[10-Dec-2020 22:53:36 Europe/Stockholm] Copy file 'bootstrap.min.css'
[10-Dec-2020 22:53:36 Europe/Stockholm] Copy file 'bootstrap.min.css.map'
[10-Dec-2020 22:53:36 Europe/Stockholm] Copy file 'content-theme1.css'
[10-Dec-2020 22:53:36 Europe/Stockholm] Copy file 'content-theme2.css'
[10-Dec-2020 22:53:36 Europe/Stockholm] Copy file 'docbook.css'
[10-Dec-2020 22:53:36 Europe/Stockholm] Copy file 'font-awesome.css'
[10-Dec-2020 22:53:36 Europe/Stockholm] Copy file 'graphical-lists.css'
[10-Dec-2020 22:53:36 Europe/Stockholm] Copy file 'html5.algoliasearch.css'
[10-Dec-2020 22:53:36 Europe/Stockholm] Copy file 'html5.algoliasearchpage.css'
[10-Dec-2020 22:53:36 Europe/Stockholm] Copy file 'mathml.css'
[10-Dec-2020 22:53:36 Europe/Stockholm] Copy file 'roboto.font.css'
[10-Dec-2020 22:53:36 Europe/Stockholm] Copy file 'rwd-table.min.css'
[10-Dec-2020 22:53:36 Europe/Stockholm] Copy file 'sm-core-css.css'
[10-Dec-2020 22:53:36 Europe/Stockholm] Copy file 'sm-simple.css'
[10-Dec-2020 22:53:36 Europe/Stockholm] Copy file 'style-api-responsive.css'
[10-Dec-2020 22:53:36 Europe/Stockholm] Copy file 'style-api.css'
[10-Dec-2020 22:53:36 Europe/Stockholm] Copy file 'style-common.css'
[10-Dec-2020 22:53:36 Europe/Stockholm] Copy file 'style-index-page.css'
[10-Dec-2020 22:53:36 Europe/Stockholm] Copy file 'style-modern-tables.css'
[10-Dec-2020 22:53:36 Europe/Stockholm] Copy file 'style-print.css'
[10-Dec-2020 22:53:36 Europe/Stockholm] Copy file 'style-responsive.css'
[10-Dec-2020 22:53:36 Europe/Stockholm] Copy file 'style-revealjs-slides.css'
[10-Dec-2020 22:53:36 Europe/Stockholm] Copy file 'style-single-page.css'
[10-Dec-2020 22:53:36 Europe/Stockholm] Copy file 'style.css'
[10-Dec-2020 22:53:36 Europe/Stockholm] Copy file 'theme0.css'
[10-Dec-2020 22:53:36 Europe/Stockholm] Copy file 'theme1-colors.css'
[10-Dec-2020 22:53:36 Europe/Stockholm] Copy file 'theme1.css'
[10-Dec-2020 22:53:36 Europe/Stockholm] Copy file 'theme2-colors.css'
[10-Dec-2020 22:53:36 Europe/Stockholm] Copy file 'theme2.css'
[10-Dec-2020 22:53:36 Europe/Stockholm] Copy file 'theme3-colors.css'
[10-Dec-2020 22:53:36 Europe/Stockholm] Copy file 'theme3.css'
[10-Dec-2020 22:53:36 Europe/Stockholm] Copy file 'theme3b-colors.css'
[10-Dec-2020 22:53:36 Europe/Stockholm] Copy file 'theme3b.css'
[10-Dec-2020 22:53:36 Europe/Stockholm] Filename: css/image/*
[10-Dec-2020 22:53:36 Europe/Stockholm] Source directory: /var/www/ccms/application/lib/docbook/xsl/html5
[10-Dec-2020 22:53:36 Europe/Stockholm] Target directory: /paligo/tmp/native-instrumen/production-5fd298d8c5a4b6.38746764/9-Getting_Started_with_Paligo-html5/out
[10-Dec-2020 22:53:36 Europe/Stockholm] Copy file 'breadcrumb-seperator.png'
[10-Dec-2020 22:53:36 Europe/Stockholm] Copy file 'caution.png'
[10-Dec-2020 22:53:36 Europe/Stockholm] Copy file 'corporate-logo-blue-inverted.svg'
[10-Dec-2020 22:53:36 Europe/Stockholm] Copy file 'corporate-logo-blue.svg'
[10-Dec-2020 22:53:36 Europe/Stockholm] Copy file 'corporate-logo-white.png'
[10-Dec-2020 22:53:36 Europe/Stockholm] Copy file 'corporate-logo-white.svg'
[10-Dec-2020 22:53:36 Europe/Stockholm] Copy file 'corporate-logo.png'
[10-Dec-2020 22:53:36 Europe/Stockholm] Copy file 'corporate-logo.svg'
[10-Dec-2020 22:53:36 Europe/Stockholm] Copy file 'important.png'
[10-Dec-2020 22:53:36 Europe/Stockholm] Copy file 'note.png'
[10-Dec-2020 22:53:36 Europe/Stockholm] Copy file 'portal1-bg.jpg'
[10-Dec-2020 22:53:36 Europe/Stockholm] Copy file 'portal2a-bg.jpg'
[10-Dec-2020 22:53:36 Europe/Stockholm] Copy file 'portal2b-bg.jpg'
[10-Dec-2020 22:53:36 Europe/Stockholm] Copy file 'portal2c-bg.jpg'
[10-Dec-2020 22:53:36 Europe/Stockholm] Copy file 'subheader-bg.png'
[10-Dec-2020 22:53:36 Europe/Stockholm] Copy file 'warning.png'
[10-Dec-2020 22:53:36 Europe/Stockholm] Filename: css/image/callouts/*
[10-Dec-2020 22:53:36 Europe/Stockholm] Source directory: /var/www/ccms/application/lib/docbook/xsl/html5
[10-Dec-2020 22:53:36 Europe/Stockholm] Target directory: /paligo/tmp/native-instrumen/production-5fd298d8c5a4b6.38746764/9-Getting_Started_with_Paligo-html5/out
[10-Dec-2020 22:53:36 Europe/Stockholm] Copy file '1.gif'
[10-Dec-2020 22:53:36 Europe/Stockholm] Copy file '1.png'
[10-Dec-2020 22:53:36 Europe/Stockholm] Copy file '1.svg'
[10-Dec-2020 22:53:36 Europe/Stockholm] Copy file '10.gif'
[10-Dec-2020 22:53:36 Europe/Stockholm] Copy file '10.png'
[10-Dec-2020 22:53:36 Europe/Stockholm] Copy file '10.svg'
[10-Dec-2020 22:53:36 Europe/Stockholm] Copy file '11.gif'
[10-Dec-2020 22:53:36 Europe/Stockholm] Copy file '11.png'
[10-Dec-2020 22:53:36 Europe/Stockholm] Copy file '11.svg'
[10-Dec-2020 22:53:36 Europe/Stockholm] Copy file '12.gif'
[10-Dec-2020 22:53:36 Europe/Stockholm] Copy file '12.png'
[10-Dec-2020 22:53:36 Europe/Stockholm] Copy file '12.svg'
[10-Dec-2020 22:53:36 Europe/Stockholm] Copy file '13.gif'
[10-Dec-2020 22:53:36 Europe/Stockholm] Copy file '13.png'
[10-Dec-2020 22:53:36 Europe/Stockholm] Copy file '13.svg'
[10-Dec-2020 22:53:36 Europe/Stockholm] Copy file '14.gif'
[10-Dec-2020 22:53:36 Europe/Stockholm] Copy file '14.png'
[10-Dec-2020 22:53:36 Europe/Stockholm] Copy file '14.svg'
[10-Dec-2020 22:53:36 Europe/Stockholm] Copy file '15.gif'
[10-Dec-2020 22:53:36 Europe/Stockholm] Copy file '15.png'
[10-Dec-2020 22:53:36 Europe/Stockholm] Copy file '15.svg'
[10-Dec-2020 22:53:36 Europe/Stockholm] Copy file '16.svg'
[10-Dec-2020 22:53:36 Europe/Stockholm] Copy file '17.svg'
[10-Dec-2020 22:53:36 Europe/Stockholm] Copy file '18.svg'
[10-Dec-2020 22:53:36 Europe/Stockholm] Copy file '19.svg'
[10-Dec-2020 22:53:36 Europe/Stockholm] Copy file '2.gif'
[10-Dec-2020 22:53:36 Europe/Stockholm] Copy file '2.png'
[10-Dec-2020 22:53:36 Europe/Stockholm] Copy file '2.svg'
[10-Dec-2020 22:53:36 Europe/Stockholm] Copy file '20.svg'
[10-Dec-2020 22:53:36 Europe/Stockholm] Copy file '21.svg'
[10-Dec-2020 22:53:36 Europe/Stockholm] Copy file '22.svg'
[10-Dec-2020 22:53:36 Europe/Stockholm] Copy file '23.svg'
[10-Dec-2020 22:53:36 Europe/Stockholm] Copy file '24.svg'
[10-Dec-2020 22:53:36 Europe/Stockholm] Copy file '25.svg'
[10-Dec-2020 22:53:36 Europe/Stockholm] Copy file '26.svg'
[10-Dec-2020 22:53:36 Europe/Stockholm] Copy file '27.svg'
[10-Dec-2020 22:53:36 Europe/Stockholm] Copy file '28.svg'
[10-Dec-2020 22:53:36 Europe/Stockholm] Copy file '29.svg'
[10-Dec-2020 22:53:36 Europe/Stockholm] Copy file '3.gif'
[10-Dec-2020 22:53:36 Europe/Stockholm] Copy file '3.png'
[10-Dec-2020 22:53:36 Europe/Stockholm] Copy file '3.svg'
[10-Dec-2020 22:53:36 Europe/Stockholm] Copy file '30.svg'
[10-Dec-2020 22:53:36 Europe/Stockholm] Copy file '4.gif'
[10-Dec-2020 22:53:36 Europe/Stockholm] Copy file '4.png'
[10-Dec-2020 22:53:36 Europe/Stockholm] Copy file '4.svg'
[10-Dec-2020 22:53:36 Europe/Stockholm] Copy file '5.gif'
[10-Dec-2020 22:53:36 Europe/Stockholm] Copy file '5.png'
[10-Dec-2020 22:53:36 Europe/Stockholm] Copy file '5.svg'
[10-Dec-2020 22:53:36 Europe/Stockholm] Copy file '6.gif'
[10-Dec-2020 22:53:36 Europe/Stockholm] Copy file '6.png'
[10-Dec-2020 22:53:36 Europe/Stockholm] Copy file '6.svg'
[10-Dec-2020 22:53:36 Europe/Stockholm] Copy file '7.gif'
[10-Dec-2020 22:53:36 Europe/Stockholm] Copy file '7.png'
[10-Dec-2020 22:53:36 Europe/Stockholm] Copy file '7.svg'
[10-Dec-2020 22:53:36 Europe/Stockholm] Copy file '8.gif'
[10-Dec-2020 22:53:36 Europe/Stockholm] Copy file '8.png'
[10-Dec-2020 22:53:36 Europe/Stockholm] Copy file '8.svg'
[10-Dec-2020 22:53:36 Europe/Stockholm] Copy file '9.gif'
[10-Dec-2020 22:53:36 Europe/Stockholm] Copy file '9.png'
[10-Dec-2020 22:53:36 Europe/Stockholm] Copy file '9.svg'
[10-Dec-2020 22:53:36 Europe/Stockholm] Filename: js/*
[10-Dec-2020 22:53:36 Europe/Stockholm] Source directory: /var/www/ccms/application/lib/docbook/xsl/html5
[10-Dec-2020 22:53:36 Europe/Stockholm] Target directory: /paligo/tmp/native-instrumen/production-5fd298d8c5a4b6.38746764/9-Getting_Started_with_Paligo-html5/out
[10-Dec-2020 22:53:36 Europe/Stockholm] Copy file 'ajax-loading.js'
[10-Dec-2020 22:53:36 Europe/Stockholm] Copy file 'anchorlinks.js'
[10-Dec-2020 22:53:36 Europe/Stockholm] Copy file 'bootstrap.min.js'
[10-Dec-2020 22:53:36 Europe/Stockholm] Copy file 'checklist.js'
[10-Dec-2020 22:53:36 Europe/Stockholm] Copy file 'clipboard.min.js'
[10-Dec-2020 22:53:36 Europe/Stockholm] Copy file 'cookie-consent.js'
[10-Dec-2020 22:53:36 Europe/Stockholm] Copy file 'create-toc.js'
[10-Dec-2020 22:53:36 Europe/Stockholm] Copy file 'csh.js'
[10-Dec-2020 22:53:36 Europe/Stockholm] Copy file 'fuse.min.js'
[10-Dec-2020 22:53:36 Europe/Stockholm] Copy file 'hilitor.js'
[10-Dec-2020 22:53:36 Europe/Stockholm] Copy file 'html5-2-ajax-hp.js'
[10-Dec-2020 22:53:36 Europe/Stockholm] Copy file 'html5-2-ajax.js'
[10-Dec-2020 22:53:36 Europe/Stockholm] Copy file 'html5-2-mp-common.js'
[10-Dec-2020 22:53:36 Europe/Stockholm] Copy file 'html5-2-portal.js'
[10-Dec-2020 22:53:36 Europe/Stockholm] Copy file 'html5-2.js'
[10-Dec-2020 22:53:36 Europe/Stockholm] Copy file 'html5.algoliasearch.js'
[10-Dec-2020 22:53:36 Europe/Stockholm] Copy file 'html5.algoliasearchpage.js'
[10-Dec-2020 22:53:36 Europe/Stockholm] Copy file 'html5.fuse.search.js'
[10-Dec-2020 22:53:36 Europe/Stockholm] Copy file 'jquery-1.10.2.min.js'
[10-Dec-2020 22:53:36 Europe/Stockholm] Copy file 'jquery-1.10.2.min.map'
[10-Dec-2020 22:53:36 Europe/Stockholm] Copy file 'jquery-migrate-3.0.1.min.js'
[10-Dec-2020 22:53:36 Europe/Stockholm] Copy file 'jquery-ui-1.10.3.custom.min.js'
[10-Dec-2020 22:53:36 Europe/Stockholm] Copy file 'jquery.event.move.js'
[10-Dec-2020 22:53:36 Europe/Stockholm] Copy file 'jquery.event.swipe.js'
[10-Dec-2020 22:53:36 Europe/Stockholm] Copy file 'jquery.mark.min.js'
[10-Dec-2020 22:53:36 Europe/Stockholm] Copy file 'jquery.smartmenus.js'
[10-Dec-2020 22:53:36 Europe/Stockholm] Copy file 'jquery.sticky.js'
[10-Dec-2020 22:53:36 Europe/Stockholm] Copy file 'lunr-single-lang.js'
[10-Dec-2020 22:53:36 Europe/Stockholm] Copy file 'lunr.js'
[10-Dec-2020 22:53:36 Europe/Stockholm] Copy file 'materialize.min.js'
[10-Dec-2020 22:53:36 Europe/Stockholm] Copy file 'mspace.js'
[10-Dec-2020 22:53:36 Europe/Stockholm] Copy file 'purl.js'
[10-Dec-2020 22:53:36 Europe/Stockholm] Copy file 'respond.min.js'
[10-Dec-2020 22:53:36 Europe/Stockholm] Copy file 'responsive-tables.js'
[10-Dec-2020 22:53:36 Europe/Stockholm] Copy file 'rwd-table.min.js'
[10-Dec-2020 22:53:36 Europe/Stockholm] Copy file 'script-api.js'
[10-Dec-2020 22:53:36 Europe/Stockholm] Copy file 'script-revealjs-slides.js'
[10-Dec-2020 22:53:36 Europe/Stockholm] Copy file 'script.js'
[10-Dec-2020 22:53:36 Europe/Stockholm] Copy file 'search.js'
[10-Dec-2020 22:53:36 Europe/Stockholm] Copy file 'updateurl.js'
[10-Dec-2020 22:53:36 Europe/Stockholm] Filename: js/jquery-3/*
[10-Dec-2020 22:53:36 Europe/Stockholm] Source directory: /var/www/ccms/application/lib/docbook/xsl/html5
[10-Dec-2020 22:53:36 Europe/Stockholm] Target directory: /paligo/tmp/native-instrumen/production-5fd298d8c5a4b6.38746764/9-Getting_Started_with_Paligo-html5/out
[10-Dec-2020 22:53:36 Europe/Stockholm] Copy file 'jquery-3.4.1.min.js'
[10-Dec-2020 22:53:36 Europe/Stockholm] Filename: fonts/*
[10-Dec-2020 22:53:36 Europe/Stockholm] Source directory: /var/www/ccms/application/lib/docbook/xsl/html5
[10-Dec-2020 22:53:36 Europe/Stockholm] Target directory: /paligo/tmp/native-instrumen/production-5fd298d8c5a4b6.38746764/9-Getting_Started_with_Paligo-html5/out
[10-Dec-2020 22:53:36 Europe/Stockholm] Copy file 'FontAwesome.otf'
[10-Dec-2020 22:53:36 Europe/Stockholm] Copy file 'fontawesome-webfont.eot'
[10-Dec-2020 22:53:36 Europe/Stockholm] Copy file 'fontawesome-webfont.svg'
[10-Dec-2020 22:53:36 Europe/Stockholm] Copy file 'fontawesome-webfont.ttf'
[10-Dec-2020 22:53:36 Europe/Stockholm] Copy file 'fontawesome-webfont.woff'
[10-Dec-2020 22:53:36 Europe/Stockholm] Copy file 'fontawesome-webfont.woff2'
[10-Dec-2020 22:53:36 Europe/Stockholm] Copy file 'glyphicons-halflings-regular.eot'
[10-Dec-2020 22:53:36 Europe/Stockholm] Copy file 'glyphicons-halflings-regular.svg'
[10-Dec-2020 22:53:36 Europe/Stockholm] Copy file 'glyphicons-halflings-regular.ttf'
[10-Dec-2020 22:53:36 Europe/Stockholm] Copy file 'glyphicons-halflings-regular.woff'
[10-Dec-2020 22:53:36 Europe/Stockholm] Copy file 'glyphicons-halflings-regular.woff2'
[10-Dec-2020 22:53:36 Europe/Stockholm] Copy file 'roboto-v20-vietnamese_latin-ext_latin_greek-ext_greek_cyrillic-ext_cyrillic-300.eot'
[10-Dec-2020 22:53:36 Europe/Stockholm] Copy file 'roboto-v20-vietnamese_latin-ext_latin_greek-ext_greek_cyrillic-ext_cyrillic-300.svg'
[10-Dec-2020 22:53:36 Europe/Stockholm] Copy file 'roboto-v20-vietnamese_latin-ext_latin_greek-ext_greek_cyrillic-ext_cyrillic-300.ttf'
[10-Dec-2020 22:53:36 Europe/Stockholm] Copy file 'roboto-v20-vietnamese_latin-ext_latin_greek-ext_greek_cyrillic-ext_cyrillic-300.woff'
[10-Dec-2020 22:53:36 Europe/Stockholm] Copy file 'roboto-v20-vietnamese_latin-ext_latin_greek-ext_greek_cyrillic-ext_cyrillic-300.woff2'
[10-Dec-2020 22:53:36 Europe/Stockholm] Copy file 'roboto-v20-vietnamese_latin-ext_latin_greek-ext_greek_cyrillic-ext_cyrillic-700.eot'
[10-Dec-2020 22:53:36 Europe/Stockholm] Copy file 'roboto-v20-vietnamese_latin-ext_latin_greek-ext_greek_cyrillic-ext_cyrillic-700.svg'
[10-Dec-2020 22:53:36 Europe/Stockholm] Copy file 'roboto-v20-vietnamese_latin-ext_latin_greek-ext_greek_cyrillic-ext_cyrillic-700.ttf'
[10-Dec-2020 22:53:36 Europe/Stockholm] Copy file 'roboto-v20-vietnamese_latin-ext_latin_greek-ext_greek_cyrillic-ext_cyrillic-700.woff'
[10-Dec-2020 22:53:36 Europe/Stockholm] Copy file 'roboto-v20-vietnamese_latin-ext_latin_greek-ext_greek_cyrillic-ext_cyrillic-700.woff2'
[10-Dec-2020 22:53:36 Europe/Stockholm] Copy file 'roboto-v20-vietnamese_latin-ext_latin_greek-ext_greek_cyrillic-ext_cyrillic-regular.eot'
[10-Dec-2020 22:53:36 Europe/Stockholm] Copy file 'roboto-v20-vietnamese_latin-ext_latin_greek-ext_greek_cyrillic-ext_cyrillic-regular.svg'
[10-Dec-2020 22:53:36 Europe/Stockholm] Copy file 'roboto-v20-vietnamese_latin-ext_latin_greek-ext_greek_cyrillic-ext_cyrillic-regular.ttf'
[10-Dec-2020 22:53:36 Europe/Stockholm] Copy file 'roboto-v20-vietnamese_latin-ext_latin_greek-ext_greek_cyrillic-ext_cyrillic-regular.woff'
[10-Dec-2020 22:53:36 Europe/Stockholm] Copy file 'roboto-v20-vietnamese_latin-ext_latin_greek-ext_greek_cyrillic-ext_cyrillic-regular.woff2'
[10-Dec-2020 22:53:36 Europe/Stockholm] Parsing manifest file: css/*, css/image/*, css/image/callouts/*, js/*, fonts/*
[10-Dec-2020 22:53:36 Europe/Stockholm] Filename: css/*
[10-Dec-2020 22:53:36 Europe/Stockholm] Source directory: /var/www/ccms/application/lib/docbook/xsl/html5
[10-Dec-2020 22:53:36 Europe/Stockholm] Target directory: /paligo/tmp/native-instrumen/production-5fd298d8c5a4b6.38746764/9-Getting_Started_with_Paligo-html5/out
[10-Dec-2020 22:53:36 Europe/Stockholm] Copy file 'bootstrap-3.0.2.min.css'
[10-Dec-2020 22:53:36 Europe/Stockholm] Copy file 'bootstrap-theme-3.0.2.min.css'
[10-Dec-2020 22:53:36 Europe/Stockholm] Copy file 'bootstrap-theme.min.css'
[10-Dec-2020 22:53:36 Europe/Stockholm] Copy file 'bootstrap-theme.min.css.map'
[10-Dec-2020 22:53:36 Europe/Stockholm] Copy file 'bootstrap.min.css'
[10-Dec-2020 22:53:36 Europe/Stockholm] Copy file 'bootstrap.min.css.map'
[10-Dec-2020 22:53:36 Europe/Stockholm] Copy file 'content-theme1.css'
[10-Dec-2020 22:53:36 Europe/Stockholm] Copy file 'content-theme2.css'
[10-Dec-2020 22:53:36 Europe/Stockholm] Copy file 'docbook.css'
[10-Dec-2020 22:53:36 Europe/Stockholm] Copy file 'font-awesome.css'
[10-Dec-2020 22:53:36 Europe/Stockholm] Copy file 'graphical-lists.css'
[10-Dec-2020 22:53:36 Europe/Stockholm] Copy file 'html5.algoliasearch.css'
[10-Dec-2020 22:53:36 Europe/Stockholm] Copy file 'html5.algoliasearchpage.css'
[10-Dec-2020 22:53:36 Europe/Stockholm] Copy file 'mathml.css'
[10-Dec-2020 22:53:36 Europe/Stockholm] Copy file 'roboto.font.css'
[10-Dec-2020 22:53:36 Europe/Stockholm] Copy file 'rwd-table.min.css'
[10-Dec-2020 22:53:36 Europe/Stockholm] Copy file 'sm-core-css.css'
[10-Dec-2020 22:53:36 Europe/Stockholm] Copy file 'sm-simple.css'
[10-Dec-2020 22:53:36 Europe/Stockholm] Copy file 'style-api-responsive.css'
[10-Dec-2020 22:53:36 Europe/Stockholm] Copy file 'style-api.css'
[10-Dec-2020 22:53:36 Europe/Stockholm] Copy file 'style-common.css'
[10-Dec-2020 22:53:36 Europe/Stockholm] Copy file 'style-index-page.css'
[10-Dec-2020 22:53:36 Europe/Stockholm] Copy file 'style-modern-tables.css'
[10-Dec-2020 22:53:36 Europe/Stockholm] Copy file 'style-print.css'
[10-Dec-2020 22:53:36 Europe/Stockholm] Copy file 'style-responsive.css'
[10-Dec-2020 22:53:36 Europe/Stockholm] Copy file 'style-revealjs-slides.css'
[10-Dec-2020 22:53:36 Europe/Stockholm] Copy file 'style-single-page.css'
[10-Dec-2020 22:53:36 Europe/Stockholm] Copy file 'style.css'
[10-Dec-2020 22:53:36 Europe/Stockholm] Copy file 'theme0.css'
[10-Dec-2020 22:53:36 Europe/Stockholm] Copy file 'theme1-colors.css'
[10-Dec-2020 22:53:36 Europe/Stockholm] Copy file 'theme1.css'
[10-Dec-2020 22:53:36 Europe/Stockholm] Copy file 'theme2-colors.css'
[10-Dec-2020 22:53:36 Europe/Stockholm] Copy file 'theme2.css'
[10-Dec-2020 22:53:36 Europe/Stockholm] Copy file 'theme3-colors.css'
[10-Dec-2020 22:53:36 Europe/Stockholm] Copy file 'theme3.css'
[10-Dec-2020 22:53:36 Europe/Stockholm] Copy file 'theme3b-colors.css'
[10-Dec-2020 22:53:36 Europe/Stockholm] Copy file 'theme3b.css'
[10-Dec-2020 22:53:36 Europe/Stockholm] Filename: css/image/*
[10-Dec-2020 22:53:36 Europe/Stockholm] Source directory: /var/www/ccms/application/lib/docbook/xsl/html5
[10-Dec-2020 22:53:36 Europe/Stockholm] Target directory: /paligo/tmp/native-instrumen/production-5fd298d8c5a4b6.38746764/9-Getting_Started_with_Paligo-html5/out
[10-Dec-2020 22:53:36 Europe/Stockholm] Copy file 'breadcrumb-seperator.png'
[10-Dec-2020 22:53:36 Europe/Stockholm] Copy file 'caution.png'
[10-Dec-2020 22:53:36 Europe/Stockholm] Copy file 'corporate-logo-blue-inverted.svg'
[10-Dec-2020 22:53:36 Europe/Stockholm] Copy file 'corporate-logo-blue.svg'
[10-Dec-2020 22:53:36 Europe/Stockholm] Copy file 'corporate-logo-white.png'
[10-Dec-2020 22:53:36 Europe/Stockholm] Copy file 'corporate-logo-white.svg'
[10-Dec-2020 22:53:36 Europe/Stockholm] Copy file 'corporate-logo.png'
[10-Dec-2020 22:53:36 Europe/Stockholm] Copy file 'corporate-logo.svg'
[10-Dec-2020 22:53:36 Europe/Stockholm] Copy file 'important.png'
[10-Dec-2020 22:53:36 Europe/Stockholm] Copy file 'note.png'
[10-Dec-2020 22:53:36 Europe/Stockholm] Copy file 'portal1-bg.jpg'
[10-Dec-2020 22:53:36 Europe/Stockholm] Copy file 'portal2a-bg.jpg'
[10-Dec-2020 22:53:36 Europe/Stockholm] Copy file 'portal2b-bg.jpg'
[10-Dec-2020 22:53:36 Europe/Stockholm] Copy file 'portal2c-bg.jpg'
[10-Dec-2020 22:53:36 Europe/Stockholm] Copy file 'subheader-bg.png'
[10-Dec-2020 22:53:36 Europe/Stockholm] Copy file 'warning.png'
[10-Dec-2020 22:53:36 Europe/Stockholm] Filename: css/image/callouts/*
[10-Dec-2020 22:53:36 Europe/Stockholm] Source directory: /var/www/ccms/application/lib/docbook/xsl/html5
[10-Dec-2020 22:53:36 Europe/Stockholm] Target directory: /paligo/tmp/native-instrumen/production-5fd298d8c5a4b6.38746764/9-Getting_Started_with_Paligo-html5/out
[10-Dec-2020 22:53:36 Europe/Stockholm] Copy file '1.gif'
[10-Dec-2020 22:53:36 Europe/Stockholm] Copy file '1.png'
[10-Dec-2020 22:53:36 Europe/Stockholm] Copy file '1.svg'
[10-Dec-2020 22:53:36 Europe/Stockholm] Copy file '10.gif'
[10-Dec-2020 22:53:36 Europe/Stockholm] Copy file '10.png'
[10-Dec-2020 22:53:36 Europe/Stockholm] Copy file '10.svg'
[10-Dec-2020 22:53:36 Europe/Stockholm] Copy file '11.gif'
[10-Dec-2020 22:53:36 Europe/Stockholm] Copy file '11.png'
[10-Dec-2020 22:53:36 Europe/Stockholm] Copy file '11.svg'
[10-Dec-2020 22:53:36 Europe/Stockholm] Copy file '12.gif'
[10-Dec-2020 22:53:36 Europe/Stockholm] Copy file '12.png'
[10-Dec-2020 22:53:36 Europe/Stockholm] Copy file '12.svg'
[10-Dec-2020 22:53:36 Europe/Stockholm] Copy file '13.gif'
[10-Dec-2020 22:53:36 Europe/Stockholm] Copy file '13.png'
[10-Dec-2020 22:53:36 Europe/Stockholm] Copy file '13.svg'
[10-Dec-2020 22:53:36 Europe/Stockholm] Copy file '14.gif'
[10-Dec-2020 22:53:36 Europe/Stockholm] Copy file '14.png'
[10-Dec-2020 22:53:36 Europe/Stockholm] Copy file '14.svg'
[10-Dec-2020 22:53:36 Europe/Stockholm] Copy file '15.gif'
[10-Dec-2020 22:53:36 Europe/Stockholm] Copy file '15.png'
[10-Dec-2020 22:53:36 Europe/Stockholm] Copy file '15.svg'
[10-Dec-2020 22:53:36 Europe/Stockholm] Copy file '16.svg'
[10-Dec-2020 22:53:36 Europe/Stockholm] Copy file '17.svg'
[10-Dec-2020 22:53:36 Europe/Stockholm] Copy file '18.svg'
[10-Dec-2020 22:53:36 Europe/Stockholm] Copy file '19.svg'
[10-Dec-2020 22:53:36 Europe/Stockholm] Copy file '2.gif'
[10-Dec-2020 22:53:36 Europe/Stockholm] Copy file '2.png'
[10-Dec-2020 22:53:36 Europe/Stockholm] Copy file '2.svg'
[10-Dec-2020 22:53:36 Europe/Stockholm] Copy file '20.svg'
[10-Dec-2020 22:53:36 Europe/Stockholm] Copy file '21.svg'
[10-Dec-2020 22:53:36 Europe/Stockholm] Copy file '22.svg'
[10-Dec-2020 22:53:36 Europe/Stockholm] Copy file '23.svg'
[10-Dec-2020 22:53:36 Europe/Stockholm] Copy file '24.svg'
[10-Dec-2020 22:53:36 Europe/Stockholm] Copy file '25.svg'
[10-Dec-2020 22:53:36 Europe/Stockholm] Copy file '26.svg'
[10-Dec-2020 22:53:36 Europe/Stockholm] Copy file '27.svg'
[10-Dec-2020 22:53:36 Europe/Stockholm] Copy file '28.svg'
[10-Dec-2020 22:53:36 Europe/Stockholm] Copy file '29.svg'
[10-Dec-2020 22:53:36 Europe/Stockholm] Copy file '3.gif'
[10-Dec-2020 22:53:36 Europe/Stockholm] Copy file '3.png'
[10-Dec-2020 22:53:36 Europe/Stockholm] Copy file '3.svg'
[10-Dec-2020 22:53:36 Europe/Stockholm] Copy file '30.svg'
[10-Dec-2020 22:53:36 Europe/Stockholm] Copy file '4.gif'
[10-Dec-2020 22:53:36 Europe/Stockholm] Copy file '4.png'
[10-Dec-2020 22:53:36 Europe/Stockholm] Copy file '4.svg'
[10-Dec-2020 22:53:36 Europe/Stockholm] Copy file '5.gif'
[10-Dec-2020 22:53:36 Europe/Stockholm] Copy file '5.png'
[10-Dec-2020 22:53:36 Europe/Stockholm] Copy file '5.svg'
[10-Dec-2020 22:53:36 Europe/Stockholm] Copy file '6.gif'
[10-Dec-2020 22:53:36 Europe/Stockholm] Copy file '6.png'
[10-Dec-2020 22:53:36 Europe/Stockholm] Copy file '6.svg'
[10-Dec-2020 22:53:36 Europe/Stockholm] Copy file '7.gif'
[10-Dec-2020 22:53:36 Europe/Stockholm] Copy file '7.png'
[10-Dec-2020 22:53:36 Europe/Stockholm] Copy file '7.svg'
[10-Dec-2020 22:53:36 Europe/Stockholm] Copy file '8.gif'
[10-Dec-2020 22:53:36 Europe/Stockholm] Copy file '8.png'
[10-Dec-2020 22:53:36 Europe/Stockholm] Copy file '8.svg'
[10-Dec-2020 22:53:36 Europe/Stockholm] Copy file '9.gif'
[10-Dec-2020 22:53:36 Europe/Stockholm] Copy file '9.png'
[10-Dec-2020 22:53:36 Europe/Stockholm] Copy file '9.svg'
[10-Dec-2020 22:53:36 Europe/Stockholm] Filename: js/*
[10-Dec-2020 22:53:36 Europe/Stockholm] Source directory: /var/www/ccms/application/lib/docbook/xsl/html5
[10-Dec-2020 22:53:36 Europe/Stockholm] Target directory: /paligo/tmp/native-instrumen/production-5fd298d8c5a4b6.38746764/9-Getting_Started_with_Paligo-html5/out
[10-Dec-2020 22:53:36 Europe/Stockholm] Copy file 'ajax-loading.js'
[10-Dec-2020 22:53:36 Europe/Stockholm] Copy file 'anchorlinks.js'
[10-Dec-2020 22:53:36 Europe/Stockholm] Copy file 'bootstrap.min.js'
[10-Dec-2020 22:53:36 Europe/Stockholm] Copy file 'checklist.js'
[10-Dec-2020 22:53:36 Europe/Stockholm] Copy file 'clipboard.min.js'
[10-Dec-2020 22:53:36 Europe/Stockholm] Copy file 'cookie-consent.js'
[10-Dec-2020 22:53:36 Europe/Stockholm] Copy file 'create-toc.js'
[10-Dec-2020 22:53:36 Europe/Stockholm] Copy file 'csh.js'
[10-Dec-2020 22:53:36 Europe/Stockholm] Copy file 'fuse.min.js'
[10-Dec-2020 22:53:36 Europe/Stockholm] Copy file 'hilitor.js'
[10-Dec-2020 22:53:36 Europe/Stockholm] Copy file 'html5-2-ajax-hp.js'
[10-Dec-2020 22:53:36 Europe/Stockholm] Copy file 'html5-2-ajax.js'
[10-Dec-2020 22:53:36 Europe/Stockholm] Copy file 'html5-2-mp-common.js'
[10-Dec-2020 22:53:36 Europe/Stockholm] Copy file 'html5-2-portal.js'
[10-Dec-2020 22:53:36 Europe/Stockholm] Copy file 'html5-2.js'
[10-Dec-2020 22:53:36 Europe/Stockholm] Copy file 'html5.algoliasearch.js'
[10-Dec-2020 22:53:36 Europe/Stockholm] Copy file 'html5.algoliasearchpage.js'
[10-Dec-2020 22:53:36 Europe/Stockholm] Copy file 'html5.fuse.search.js'
[10-Dec-2020 22:53:36 Europe/Stockholm] Copy file 'jquery-1.10.2.min.js'
[10-Dec-2020 22:53:36 Europe/Stockholm] Copy file 'jquery-1.10.2.min.map'
[10-Dec-2020 22:53:36 Europe/Stockholm] Copy file 'jquery-migrate-3.0.1.min.js'
[10-Dec-2020 22:53:36 Europe/Stockholm] Copy file 'jquery-ui-1.10.3.custom.min.js'
[10-Dec-2020 22:53:36 Europe/Stockholm] Copy file 'jquery.event.move.js'
[10-Dec-2020 22:53:36 Europe/Stockholm] Copy file 'jquery.event.swipe.js'
[10-Dec-2020 22:53:36 Europe/Stockholm] Copy file 'jquery.mark.min.js'
[10-Dec-2020 22:53:36 Europe/Stockholm] Copy file 'jquery.smartmenus.js'
[10-Dec-2020 22:53:36 Europe/Stockholm] Copy file 'jquery.sticky.js'
[10-Dec-2020 22:53:36 Europe/Stockholm] Copy file 'lunr-single-lang.js'
[10-Dec-2020 22:53:36 Europe/Stockholm] Copy file 'lunr.js'
[10-Dec-2020 22:53:36 Europe/Stockholm] Copy file 'materialize.min.js'
[10-Dec-2020 22:53:36 Europe/Stockholm] Copy file 'mspace.js'
[10-Dec-2020 22:53:36 Europe/Stockholm] Copy file 'purl.js'
[10-Dec-2020 22:53:36 Europe/Stockholm] Copy file 'respond.min.js'
[10-Dec-2020 22:53:36 Europe/Stockholm] Copy file 'responsive-tables.js'
[10-Dec-2020 22:53:36 Europe/Stockholm] Copy file 'rwd-table.min.js'
[10-Dec-2020 22:53:36 Europe/Stockholm] Copy file 'script-api.js'
[10-Dec-2020 22:53:36 Europe/Stockholm] Copy file 'script-revealjs-slides.js'
[10-Dec-2020 22:53:36 Europe/Stockholm] Copy file 'script.js'
[10-Dec-2020 22:53:36 Europe/Stockholm] Copy file 'search.js'
[10-Dec-2020 22:53:36 Europe/Stockholm] Copy file 'updateurl.js'
[10-Dec-2020 22:53:36 Europe/Stockholm] Filename: fonts/*
[10-Dec-2020 22:53:36 Europe/Stockholm] Source directory: /var/www/ccms/application/lib/docbook/xsl/html5
[10-Dec-2020 22:53:36 Europe/Stockholm] Target directory: /paligo/tmp/native-instrumen/production-5fd298d8c5a4b6.38746764/9-Getting_Started_with_Paligo-html5/out
[10-Dec-2020 22:53:36 Europe/Stockholm] Copy file 'FontAwesome.otf'
[10-Dec-2020 22:53:36 Europe/Stockholm] Copy file 'fontawesome-webfont.eot'
[10-Dec-2020 22:53:36 Europe/Stockholm] Copy file 'fontawesome-webfont.svg'
[10-Dec-2020 22:53:36 Europe/Stockholm] Copy file 'fontawesome-webfont.ttf'
[10-Dec-2020 22:53:36 Europe/Stockholm] Copy file 'fontawesome-webfont.woff'
[10-Dec-2020 22:53:36 Europe/Stockholm] Copy file 'fontawesome-webfont.woff2'
[10-Dec-2020 22:53:36 Europe/Stockholm] Copy file 'glyphicons-halflings-regular.eot'
[10-Dec-2020 22:53:36 Europe/Stockholm] Copy file 'glyphicons-halflings-regular.svg'
[10-Dec-2020 22:53:36 Europe/Stockholm] Copy file 'glyphicons-halflings-regular.ttf'
[10-Dec-2020 22:53:36 Europe/Stockholm] Copy file 'glyphicons-halflings-regular.woff'
[10-Dec-2020 22:53:36 Europe/Stockholm] Copy file 'glyphicons-halflings-regular.woff2'
[10-Dec-2020 22:53:36 Europe/Stockholm] Copy file 'roboto-v20-vietnamese_latin-ext_latin_greek-ext_greek_cyrillic-ext_cyrillic-300.eot'
[10-Dec-2020 22:53:36 Europe/Stockholm] Copy file 'roboto-v20-vietnamese_latin-ext_latin_greek-ext_greek_cyrillic-ext_cyrillic-300.svg'
[10-Dec-2020 22:53:36 Europe/Stockholm] Copy file 'roboto-v20-vietnamese_latin-ext_latin_greek-ext_greek_cyrillic-ext_cyrillic-300.ttf'
[10-Dec-2020 22:53:36 Europe/Stockholm] Copy file 'roboto-v20-vietnamese_latin-ext_latin_greek-ext_greek_cyrillic-ext_cyrillic-300.woff'
[10-Dec-2020 22:53:36 Europe/Stockholm] Copy file 'roboto-v20-vietnamese_latin-ext_latin_greek-ext_greek_cyrillic-ext_cyrillic-300.woff2'
[10-Dec-2020 22:53:36 Europe/Stockholm] Copy file 'roboto-v20-vietnamese_latin-ext_latin_greek-ext_greek_cyrillic-ext_cyrillic-700.eot'
[10-Dec-2020 22:53:36 Europe/Stockholm] Copy file 'roboto-v20-vietnamese_latin-ext_latin_greek-ext_greek_cyrillic-ext_cyrillic-700.svg'
[10-Dec-2020 22:53:36 Europe/Stockholm] Copy file 'roboto-v20-vietnamese_latin-ext_latin_greek-ext_greek_cyrillic-ext_cyrillic-700.ttf'
[10-Dec-2020 22:53:36 Europe/Stockholm] Copy file 'roboto-v20-vietnamese_latin-ext_latin_greek-ext_greek_cyrillic-ext_cyrillic-700.woff'
[10-Dec-2020 22:53:36 Europe/Stockholm] Copy file 'roboto-v20-vietnamese_latin-ext_latin_greek-ext_greek_cyrillic-ext_cyrillic-700.woff2'
[10-Dec-2020 22:53:36 Europe/Stockholm] Copy file 'roboto-v20-vietnamese_latin-ext_latin_greek-ext_greek_cyrillic-ext_cyrillic-regular.eot'
[10-Dec-2020 22:53:36 Europe/Stockholm] Copy file 'roboto-v20-vietnamese_latin-ext_latin_greek-ext_greek_cyrillic-ext_cyrillic-regular.svg'
[10-Dec-2020 22:53:36 Europe/Stockholm] Copy file 'roboto-v20-vietnamese_latin-ext_latin_greek-ext_greek_cyrillic-ext_cyrillic-regular.ttf'
[10-Dec-2020 22:53:36 Europe/Stockholm] Copy file 'roboto-v20-vietnamese_latin-ext_latin_greek-ext_greek_cyrillic-ext_cyrillic-regular.woff'
[10-Dec-2020 22:53:36 Europe/Stockholm] Copy file 'roboto-v20-vietnamese_latin-ext_latin_greek-ext_greek_cyrillic-ext_cyrillic-regular.woff2'
[10-Dec-2020 22:53:36 Europe/Stockholm] Copy file '/var/www/ccms/application/lib/docbook/xsl/html5/css/image/corporate-logo-white.svg' to '/paligo/tmp/native-instrumen/production-5fd298d8c5a4b6.38746764/9-Getting_Started_with_Paligo-html5/out/css/image/corporate-logo.svg'
[10-Dec-2020 22:53:36 Europe/Stockholm] Copy file '/var/www/ccms/application/lib/docbook/xsl/html5/css/image/corporate-logo-white.svg' to '/paligo/tmp/native-instrumen/production-5fd298d8c5a4b6.38746764/9-Getting_Started_with_Paligo-html5/out/css/image/portal-logo.svg'
[10-Dec-2020 22:53:37 Europe/Stockholm] Post build HTML5
[10/Dec/2020 22:53:37 Europe/Stockholm] [Info] Transformation: index-en.html -> toc-en.html [html5.toc.xsl]
[10/Dec/2020 22:53:37 Europe/Stockholm] [Info] Transformation: reusing-topics.html -> reusing-topics.html [html5-2.page.xsl]
[10/Dec/2020 22:53:37 Europe/Stockholm] [Info] Transformation: reusing-text-and-components.html -> reusing-text-and-components.html [html5-2.page.xsl]
[10/Dec/2020 22:53:37 Europe/Stockholm] [Info] Transformation: variant-filtering.html -> variant-filtering.html [html5-2.page.xsl]
[10/Dec/2020 22:53:38 Europe/Stockholm] [Info] Transformation: create-your-first-topic.html -> create-your-first-topic.html [html5-2.page.xsl]
[10/Dec/2020 22:53:38 Europe/Stockholm] [Info] Transformation: create-your-first-publication.html -> create-your-first-publication.html [html5-2.page.xsl]
[10/Dec/2020 22:53:38 Europe/Stockholm] [Info] Transformation: publishing.html -> publishing.html [html5-2.page.xsl]
[10/Dec/2020 22:53:38 Europe/Stockholm] [Info] Transformation: lists.html -> lists.html [html5-2.page.xsl]
[10/Dec/2020 22:53:38 Europe/Stockholm] [Info] Transformation: images.html -> images.html [html5-2.page.xsl]
[10/Dec/2020 22:53:38 Europe/Stockholm] [Info] Transformation: notes,-warnings,-and-other-admonitions.html -> notes,-warnings,-and-other-admonitions.html [html5-2.page.xsl]
[10/Dec/2020 22:53:38 Europe/Stockholm] [Info] Transformation: links-and-cross-references.html -> links-and-cross-references.html [html5-2.page.xsl]
[10/Dec/2020 22:53:38 Europe/Stockholm] [Info] Transformation: tables.html -> tables.html [html5-2.page.xsl]
[10/Dec/2020 22:53:38 Europe/Stockholm] [Info] Transformation: reusing-content.html -> reusing-content.html [html5-2.page.xsl]
[10/Dec/2020 22:53:38 Europe/Stockholm] [Info] Transformation: the--not-quite--elementary-basics.html -> the--not-quite--elementary-basics.html [html5-2.page.xsl]
[10/Dec/2020 22:53:38 Europe/Stockholm] [Info] Transformation: index-en.html -> index-en.html [html5-2.page.xsl]
[10/Dec/2020 22:53:38 Europe/Stockholm] [Info] Generating index page.
[10/Dec/2020 22:53:38 Europe/Stockholm] [Info] Transformation: index.manifest -> index.html [html5-2.index.xsl]
[10/Dec/2020 22:53:38 Europe/Stockholm] [Info] # Took 8.896175 seconds to render.
